<?xml version="1.0" encoding="UTF-8"?>
<!-- Generated by org.testng.reporters.JUnitReportReporter -->
<testsuite skipped="0" hostname="DESKTOP-02PVVJC" name="com.santokart.splatoon.tests.SplatoonTest" tests="6" failures="0" timestamp="2021-09-13T13:32:14 CDT" time="91.445" errors="0">
  <testcase name="test" time="16.395" classname="com.santokart.splatoon.tests.SplatoonTest"/>
  <system-out/>
  <testcase name="test" time="17.045" classname="com.santokart.splatoon.tests.SplatoonTest"/>
  <system-out/>
  <testcase name="test" time="14.753" classname="com.santokart.splatoon.tests.SplatoonTest"/>
  <system-out/>
  <testcase name="test" time="14.167" classname="com.santokart.splatoon.tests.SplatoonTest"/>
  <system-out/>
  <testcase name="test" time="13.521" classname="com.santokart.splatoon.tests.SplatoonTest"/>
  <system-out/>
  <testcase name="test" time="15.564" classname="com.santokart.splatoon.tests.SplatoonTest"/>
  <system-out/>
</testsuite> <!-- com.santokart.splatoon.tests.SplatoonTest -->
