<?xml version="1.0" encoding="UTF-8"?>
<!-- Generated by org.testng.reporters.JUnitReportReporter -->
<testsuite skipped="0" hostname="DESKTOP-02PVVJC" name="com.santokart.splatoon.tests.SplatoonTest" tests="1" failures="0" timestamp="13 sep 2021 15:51:17 GMT" time="14.222" errors="0">
  <testcase name="test" time="14.222" classname="com.santokart.splatoon.tests.SplatoonTest"/>
</testsuite> <!-- com.santokart.splatoon.tests.SplatoonTest -->
